[  1257.532] 
This is a pre-release version of the X server from The X.Org Foundation.
It is not supported in any way.
Bugs may be filed in the bugzilla at http://bugs.freedesktop.org/.
Select the "xorg" product for bugs you find in this release.
Before reporting bugs in pre-release versions please check the
latest version in the X.Org Foundation git repository.
See http://wiki.x.org/wiki/GitPage for git access instructions.
[  1257.533] 
X.Org X Server 1.21.1.1
X Protocol Version 11, Revision 0
[  1257.535] Current Operating System: Linux siegan 5.15.5-arch1-1 #1 SMP PREEMPT Thu, 25 Nov 2021 22:09:33 +0000 x86_64
[  1257.535] Kernel command line: BOOT_IMAGE=/boot/vmlinuz-linux root=UUID=7a4b46d9-ca8d-4c28-93db-1b7ab1e1e8ea rw loglevel=3 quiet
[  1257.536]  
[  1257.537] Current version of pixman: 0.40.0
[  1257.539] 	Before reporting problems, check http://wiki.x.org
	to make sure that you have the latest version.
[  1257.539] Markers: (--) probed, (**) from config file, (==) default setting,
	(++) from command line, (!!) notice, (II) informational,
	(WW) warning, (EE) error, (NI) not implemented, (??) unknown.
[  1257.543] (==) Log file: "/home/siegan/.local/share/xorg/Xorg.1.log", Time: Wed Dec  1 20:06:15 2021
[  1257.544] (==) Using system config directory "/usr/share/X11/xorg.conf.d"
[  1257.544] (==) No Layout section.  Using the first Screen section.
[  1257.544] (==) No screen section available. Using defaults.
[  1257.544] (**) |-->Screen "Default Screen Section" (0)
[  1257.544] (**) |   |-->Monitor "<default monitor>"
[  1257.544] (==) No monitor specified for screen "Default Screen Section".
	Using a default monitor configuration.
[  1257.544] (==) Automatically adding devices
[  1257.544] (==) Automatically enabling devices
[  1257.544] (==) Automatically adding GPU devices
[  1257.544] (==) Automatically binding GPU devices
[  1257.544] (==) Max clients allowed: 256, resource mask: 0x1fffff
[  1257.544] (WW) The directory "/usr/share/fonts/misc" does not exist.
[  1257.544] 	Entry deleted from font path.
[  1257.544] (WW) The directory "/usr/share/fonts/TTF" does not exist.
[  1257.544] 	Entry deleted from font path.
[  1257.544] (WW) The directory "/usr/share/fonts/OTF" does not exist.
[  1257.544] 	Entry deleted from font path.
[  1257.544] (WW) The directory "/usr/share/fonts/Type1" does not exist.
[  1257.544] 	Entry deleted from font path.
[  1257.545] (==) FontPath set to:
	/usr/share/fonts/100dpi,
	/usr/share/fonts/75dpi
[  1257.545] (==) ModulePath set to "/usr/lib/xorg/modules"
[  1257.545] (II) The server relies on udev to provide the list of input devices.
	If no devices become available, reconfigure udev or disable AutoAddDevices.
[  1257.545] (II) Module ABI versions:
[  1257.545] 	X.Org ANSI C Emulation: 0.4
[  1257.545] 	X.Org Video Driver: 25.2
[  1257.545] 	X.Org XInput driver : 24.4
[  1257.545] 	X.Org Server Extension : 10.0
[  1257.546] (++) using VT number 1

[  1257.550] (II) systemd-logind: took control of session /org/freedesktop/login1/session/_31
[  1257.551] (II) xfree86: Adding drm device (/dev/dri/card0)
[  1257.551] (II) Platform probe for /sys/devices/pci0000:00/0000:00:01.0/virtio0/drm/card0
[  1257.553] (II) systemd-logind: got fd for /dev/dri/card0 226:0 fd 11 paused 0
[  1257.557] (--) PCI:*(0@0:1:0) 1af4:1050:1af4:1100 rev 1, Mem @ 0xfc800000/8388608, 0xfdc00000/16384, 0xfea14000/4096, BIOS @ 0x????????/131072
[  1257.558] (WW) Open ACPI failed (/var/run/acpid.socket) (No such file or directory)
[  1257.558] (II) LoadModule: "glx"
[  1257.558] (II) Loading /usr/lib/xorg/modules/extensions/libglx.so
[  1257.559] (II) Module glx: vendor="X.Org Foundation"
[  1257.559] 	compiled for 1.21.1.1, module version = 1.0.0
[  1257.559] 	ABI class: X.Org Server Extension, version 10.0
[  1257.559] (==) Matched modesetting as autoconfigured driver 0
[  1257.559] (==) Matched fbdev as autoconfigured driver 1
[  1257.559] (==) Matched vesa as autoconfigured driver 2
[  1257.559] (==) Assigned the driver to the xf86ConfigLayout
[  1257.559] (II) LoadModule: "modesetting"
[  1257.559] (II) Loading /usr/lib/xorg/modules/drivers/modesetting_drv.so
[  1257.560] (II) Module modesetting: vendor="X.Org Foundation"
[  1257.560] 	compiled for 1.21.1.1, module version = 1.21.1
[  1257.560] 	Module class: X.Org Video Driver
[  1257.560] 	ABI class: X.Org Video Driver, version 25.2
[  1257.560] (II) LoadModule: "fbdev"
[  1257.560] (WW) Warning, couldn't open module fbdev
[  1257.560] (EE) Failed to load module "fbdev" (module does not exist, 0)
[  1257.560] (II) LoadModule: "vesa"
[  1257.560] (II) Loading /usr/lib/xorg/modules/drivers/vesa_drv.so
[  1257.560] (II) Module vesa: vendor="X.Org Foundation"
[  1257.560] 	compiled for 1.21.1.1, module version = 2.5.0
[  1257.560] 	Module class: X.Org Video Driver
[  1257.560] 	ABI class: X.Org Video Driver, version 25.2
[  1257.560] (II) modesetting: Driver for Modesetting Kernel Drivers: kms
[  1257.560] (II) VESA: driver for VESA chipsets: vesa
[  1257.560] xf86EnableIO: failed to enable I/O ports 0000-03ff (Operation not permitted)
[  1257.560] (II) modeset(0): using drv /dev/dri/card0
[  1257.560] (WW) VGA arbiter: cannot open kernel arbiter, no multi-card support
[  1257.560] (II) modeset(0): Creating default Display subsection in Screen section
	"Default Screen Section" for depth/fbbpp 24/32
[  1257.560] (==) modeset(0): Depth 24, (==) framebuffer bpp 32
[  1257.560] (==) modeset(0): RGB weight 888
[  1257.560] (==) modeset(0): Default visual is TrueColor
[  1257.560] (II) Loading sub module "glamoregl"
[  1257.560] (II) LoadModule: "glamoregl"
[  1257.560] (II) Loading /usr/lib/xorg/modules/libglamoregl.so
[  1257.563] (II) Module glamoregl: vendor="X.Org Foundation"
[  1257.563] 	compiled for 1.21.1.1, module version = 1.0.1
[  1257.563] 	ABI class: X.Org ANSI C Emulation, version 0.4
[  1257.599] (II) modeset(0): Refusing to try glamor on llvmpipe
[  1257.599] (II) modeset(0): glamor initialization failed
[  1257.599] (II) modeset(0): ShadowFB: preferred NO, enabled NO
[  1257.600] (II) modeset(0): Output Virtual-1 has no monitor section
[  1257.600] (II) modeset(0): EDID for output Virtual-1
[  1257.600] (II) modeset(0): Manufacturer: RHT  Model: 1234  Serial#: 0
[  1257.600] (II) modeset(0): Year: 2014  Week: 42
[  1257.600] (II) modeset(0): EDID Version: 1.4
[  1257.600] (II) modeset(0): Digital Display Input
[  1257.600] (II) modeset(0): 8 bits per channel
[  1257.600] (II) modeset(0): Digital interface is DisplayPort
[  1257.600] (II) modeset(0): Max Image Size [cm]: horiz.: 26  vert.: 19
[  1257.600] (II) modeset(0): Gamma: 2.20
[  1257.600] (II) modeset(0): No DPMS capabilities specified
[  1257.600] (II) modeset(0): Supported color encodings: RGB 4:4:4 
[  1257.600] (II) modeset(0): Default color space is primary color space
[  1257.600] (II) modeset(0): First detailed timing is preferred mode
[  1257.600] (II) modeset(0): Preferred mode is native pixel format and refresh rate
[  1257.600] (II) modeset(0): redX: 0.640 redY: 0.330   greenX: 0.300 greenY: 0.600
[  1257.600] (II) modeset(0): blueX: 0.150 blueY: 0.060   whiteX: 0.312 whiteY: 0.329
[  1257.600] (II) modeset(0): Supported established timings:
[  1257.600] (II) modeset(0): 640x480@60Hz
[  1257.600] (II) modeset(0): 800x600@60Hz
[  1257.600] (II) modeset(0): 1024x768@60Hz
[  1257.600] (II) modeset(0): Manufacturer's mask: 0
[  1257.600] (II) modeset(0): Supported standard timings:
[  1257.600] (II) modeset(0): #0: hsize: 2048  vsize 1152  refresh: 60  vid: 49377
[  1257.600] (II) modeset(0): #1: hsize: 1920  vsize 1080  refresh: 60  vid: 49361
[  1257.600] (II) modeset(0): #2: hsize: 1920  vsize 1200  refresh: 60  vid: 209
[  1257.600] (II) modeset(0): #3: hsize: 1600  vsize 1200  refresh: 60  vid: 16553
[  1257.600] (II) modeset(0): #4: hsize: 1680  vsize 1050  refresh: 60  vid: 179
[  1257.600] (II) modeset(0): #5: hsize: 1440  vsize 900  refresh: 60  vid: 149
[  1257.600] (II) modeset(0): #6: hsize: 1280  vsize 1024  refresh: 60  vid: 32897
[  1257.600] (II) modeset(0): #7: hsize: 1280  vsize 960  refresh: 60  vid: 16513
[  1257.600] (II) modeset(0): Supported detailed timing:
[  1257.600] (II) modeset(0): clock: 82.3 MHz   Image Size:  260 x 195 mm
[  1257.600] (II) modeset(0): h_active: 1024  h_sync: 1280  h_sync_end 1310 h_blank_end 1382 h_border: 0
[  1257.600] (II) modeset(0): v_active: 768  v_sync: 771  v_sync_end 774 v_blanking: 794 v_border: 0
[  1257.600] (II) modeset(0): Established timings III: (not decoded)
[  1257.600] (II) modeset(0): Ranges: V min: 50 V max: 125 Hz, H min: 30 H max: 160 kHz,
[  1257.600] (II) modeset(0): Monitor name: QEMU Monitor
[  1257.600] (II) modeset(0): Number of EDID sections to follow: 1
[  1257.600] (II) modeset(0): EDID (in hex):
[  1257.600] (II) modeset(0): 	00ffffffffffff004914341200000000
[  1257.600] (II) modeset(0): 	2a180104a51a137806ee91a3544c9926
[  1257.600] (II) modeset(0): 	0f5054210800e1c0d1c0d100a940b300
[  1257.600] (II) modeset(0): 	9500818081402520006641001a30001e
[  1257.600] (II) modeset(0): 	334004c310000018000000f7000a0040
[  1257.600] (II) modeset(0): 	82002820000000000000000000fd0032
[  1257.600] (II) modeset(0): 	7d1ea0ff010a202020202020000000fc
[  1257.600] (II) modeset(0): 	0051454d55204d6f6e69746f720a013d
[  1257.600] (II) modeset(0): 	02030a00457d6560591f000000100000
[  1257.600] (II) modeset(0): 	00000000000000000000000000000010
[  1257.600] (II) modeset(0): 	00000000000000000000000000000000
[  1257.600] (II) modeset(0): 	00100000000000000000000000000000
[  1257.600] (II) modeset(0): 	00000010000000000000000000000000
[  1257.600] (II) modeset(0): 	00000000001000000000000000000000
[  1257.600] (II) modeset(0): 	00000000000000100000000000000000
[  1257.600] (II) modeset(0): 	00000000000000000000000000000092
[  1257.600] (II) modeset(0): Printing probed modes for output Virtual-1
[  1257.600] (II) modeset(0): Modeline "1024x768"x75.0   82.29  1024 1280 1310 1382  768 771 774 794 -hsync -vsync (59.5 kHz eP)
[  1257.600] (II) modeset(0): Modeline "5120x2160"x50.0  742.50  5120 6216 6304 6600  2160 2168 2178 2250 +hsync +vsync (112.5 kHz e)
[  1257.600] (II) modeset(0): Modeline "4096x2160"x50.0  594.00  4096 5064 5152 5280  2160 2168 2178 2250 +hsync +vsync (112.5 kHz e)
[  1257.600] (II) modeset(0): Modeline "3840x2160"x50.0  594.00  3840 4896 4984 5280  2160 2168 2178 2250 +hsync +vsync (112.5 kHz e)
[  1257.600] (II) modeset(0): Modeline "1920x1440"x60.0  234.00  1920 2048 2256 2600  1440 1441 1444 1500 -hsync +vsync (90.0 kHz e)
[  1257.600] (II) modeset(0): Modeline "2560x1080"x50.0  185.62  2560 3108 3152 3300  1080 1084 1089 1125 +hsync +vsync (56.2 kHz e)
[  1257.600] (II) modeset(0): Modeline "1856x1392"x60.0  218.25  1856 1952 2176 2528  1392 1393 1396 1439 -hsync +vsync (86.3 kHz e)
[  1257.600] (II) modeset(0): Modeline "1792x1344"x60.0  204.75  1792 1920 2120 2448  1344 1345 1348 1394 -hsync +vsync (83.6 kHz e)
[  1257.600] (II) modeset(0): Modeline "2048x1152"x60.0  162.00  2048 2074 2154 2250  1152 1153 1156 1200 +hsync +vsync (72.0 kHz e)
[  1257.600] (II) modeset(0): Modeline "1920x1200"x59.9  193.25  1920 2056 2256 2592  1200 1203 1209 1245 -hsync +vsync (74.6 kHz e)
[  1257.600] (II) modeset(0): Modeline "1920x1080"x60.0  148.50  1920 2008 2052 2200  1080 1084 1089 1125 -hsync -vsync (67.5 kHz e)
[  1257.600] (II) modeset(0): Modeline "1920x1080"x50.0  148.50  1920 2448 2492 2640  1080 1084 1089 1125 +hsync +vsync (56.2 kHz e)
[  1257.600] (II) modeset(0): Modeline "1600x1200"x60.0  162.00  1600 1664 1856 2160  1200 1201 1204 1250 +hsync +vsync (75.0 kHz e)
[  1257.600] (II) modeset(0): Modeline "1680x1050"x60.0  146.25  1680 1784 1960 2240  1050 1053 1059 1089 -hsync +vsync (65.3 kHz e)
[  1257.600] (II) modeset(0): Modeline "1400x1050"x60.0  121.75  1400 1488 1632 1864  1050 1053 1057 1089 -hsync +vsync (65.3 kHz e)
[  1257.600] (II) modeset(0): Modeline "1280x1024"x60.0  108.00  1280 1328 1440 1688  1024 1025 1028 1066 +hsync +vsync (64.0 kHz e)
[  1257.600] (II) modeset(0): Modeline "1440x900"x59.9  106.50  1440 1520 1672 1904  900 903 909 934 -hsync +vsync (55.9 kHz e)
[  1257.600] (II) modeset(0): Modeline "1280x960"x60.0  108.00  1280 1376 1488 1800  960 961 964 1000 +hsync +vsync (60.0 kHz e)
[  1257.600] (II) modeset(0): Modeline "1360x768"x60.0   85.50  1360 1424 1536 1792  768 771 777 795 +hsync +vsync (47.7 kHz e)
[  1257.600] (II) modeset(0): Modeline "1280x768"x59.9   79.50  1280 1344 1472 1664  768 771 778 798 -hsync +vsync (47.8 kHz e)
[  1257.600] (II) modeset(0): Modeline "1024x768"x60.0   65.00  1024 1048 1184 1344  768 771 777 806 -hsync -vsync (48.4 kHz e)
[  1257.600] (II) modeset(0): Modeline "800x600"x60.3   40.00  800 840 968 1056  600 601 605 628 +hsync +vsync (37.9 kHz e)
[  1257.600] (II) modeset(0): Modeline "640x480"x60.0   25.20  640 656 752 800  480 490 492 525 -hsync -vsync (31.5 kHz e)
[  1257.600] (II) modeset(0): Modeline "640x480"x59.9   25.18  640 656 752 800  480 490 492 525 -hsync -vsync (31.5 kHz e)
[  1257.600] (II) modeset(0): Output Virtual-1 connected
[  1257.600] (II) modeset(0): Using exact sizes for initial modes
[  1257.600] (II) modeset(0): Output Virtual-1 using initial mode 1024x768 +0+0
[  1257.600] (==) modeset(0): Using gamma correction (1.0, 1.0, 1.0)
[  1257.600] (==) modeset(0): DPI set to (96, 96)
[  1257.600] (II) Loading sub module "fb"
[  1257.600] (II) LoadModule: "fb"
[  1257.600] (II) Module "fb" already built-in
[  1257.600] (II) UnloadModule: "vesa"
[  1257.600] (II) Unloading vesa
[  1257.601] (==) modeset(0): Backing store enabled
[  1257.601] (==) modeset(0): Silken mouse enabled
[  1257.601] (II) modeset(0): Initializing kms color map for depth 24, 8 bpc.
[  1257.601] (==) modeset(0): DPMS enabled
[  1257.601] (II) Initializing extension Generic Event Extension
[  1257.602] (II) Initializing extension SHAPE
[  1257.602] (II) Initializing extension MIT-SHM
[  1257.602] (II) Initializing extension XInputExtension
[  1257.602] (II) Initializing extension XTEST
[  1257.602] (II) Initializing extension BIG-REQUESTS
[  1257.602] (II) Initializing extension SYNC
[  1257.602] (II) Initializing extension XKEYBOARD
[  1257.602] (II) Initializing extension XC-MISC
[  1257.602] (II) Initializing extension SECURITY
[  1257.602] (II) Initializing extension XFIXES
[  1257.602] (II) Initializing extension RENDER
[  1257.603] (II) Initializing extension RANDR
[  1257.603] (II) Initializing extension COMPOSITE
[  1257.603] (II) Initializing extension DAMAGE
[  1257.603] (II) Initializing extension MIT-SCREEN-SAVER
[  1257.603] (II) Initializing extension DOUBLE-BUFFER
[  1257.603] (II) Initializing extension RECORD
[  1257.603] (II) Initializing extension DPMS
[  1257.603] (II) Initializing extension Present
[  1257.603] (II) Initializing extension DRI3
[  1257.603] (II) Initializing extension X-Resource
[  1257.603] (II) Initializing extension XVideo
[  1257.604] (II) Initializing extension XVideo-MotionCompensation
[  1257.604] (II) Initializing extension GLX
[  1257.604] (II) AIGLX: Screen 0 is not DRI2 capable
[  1257.607] (II) IGLX: Loaded and initialized swrast
[  1257.607] (II) GLX: Initialized DRISWRAST GL provider for screen 0
[  1257.607] (II) Initializing extension XFree86-VidModeExtension
[  1257.607] (II) Initializing extension XFree86-DGA
[  1257.608] (II) Initializing extension XFree86-DRI
[  1257.608] (II) Initializing extension DRI2
[  1257.608] (II) modeset(0): Damage tracking initialized
[  1257.608] (II) modeset(0): Setting screen physical size to 270 x 203
[  1257.663] (II) config/udev: Adding input device Power Button (/dev/input/event0)
[  1257.663] (**) Power Button: Applying InputClass "libinput keyboard catchall"
[  1257.663] (II) LoadModule: "libinput"
[  1257.664] (II) Loading /usr/lib/xorg/modules/input/libinput_drv.so
[  1257.665] (II) Module libinput: vendor="X.Org Foundation"
[  1257.665] 	compiled for 1.21.1, module version = 1.2.0
[  1257.665] 	Module class: X.Org XInput Driver
[  1257.665] 	ABI class: X.Org XInput driver, version 24.4
[  1257.665] (II) Using input driver 'libinput' for 'Power Button'
[  1257.666] (II) systemd-logind: got fd for /dev/input/event0 13:64 fd 19 paused 0
[  1257.666] (**) Power Button: always reports core events
[  1257.666] (**) Option "Device" "/dev/input/event0"
[  1257.666] (**) Option "_source" "server/udev"
[  1257.667] (II) event0  - Power Button: is tagged by udev as: Keyboard
[  1257.667] (II) event0  - Power Button: device is a keyboard
[  1257.667] (II) event0  - Power Button: device removed
[  1257.667] (**) Option "config_info" "udev:/sys/devices/LNXSYSTM:00/LNXPWRBN:00/input/input0/event0"
[  1257.667] (II) XINPUT: Adding extended input device "Power Button" (type: KEYBOARD, id 6)
[  1257.668] (II) event0  - Power Button: is tagged by udev as: Keyboard
[  1257.668] (II) event0  - Power Button: device is a keyboard
[  1257.669] (II) config/udev: Adding input device QEMU QEMU USB Tablet (/dev/input/event2)
[  1257.669] (**) QEMU QEMU USB Tablet: Applying InputClass "libinput pointer catchall"
[  1257.669] (II) Using input driver 'libinput' for 'QEMU QEMU USB Tablet'
[  1257.835] (II) systemd-logind: got fd for /dev/input/event2 13:66 fd 22 paused 0
[  1257.835] (**) QEMU QEMU USB Tablet: always reports core events
[  1257.835] (**) Option "Device" "/dev/input/event2"
[  1257.835] (**) Option "_source" "server/udev"
[  1257.839] (II) event2  - QEMU QEMU USB Tablet: is tagged by udev as: Mouse
[  1257.840] (II) event2  - QEMU QEMU USB Tablet: device is a pointer
[  1257.841] (II) event2  - QEMU QEMU USB Tablet: device removed
[  1257.841] (**) Option "config_info" "udev:/sys/devices/pci0000:00/0000:00:02.1/0000:02:00.0/usb1/1-2/1-2:1.0/0003:0627:0001.0001/input/input3/event2"
[  1257.841] (II) XINPUT: Adding extended input device "QEMU QEMU USB Tablet" (type: MOUSE, id 7)
[  1257.841] (**) Option "AccelerationScheme" "none"
[  1257.841] (**) QEMU QEMU USB Tablet: (accel) selected scheme none/0
[  1257.841] (**) QEMU QEMU USB Tablet: (accel) acceleration factor: 2.000
[  1257.841] (**) QEMU QEMU USB Tablet: (accel) acceleration threshold: 4
[  1257.845] (II) event2  - QEMU QEMU USB Tablet: is tagged by udev as: Mouse
[  1257.846] (II) event2  - QEMU QEMU USB Tablet: device is a pointer
[  1257.849] (II) config/udev: Adding input device QEMU QEMU USB Tablet (/dev/input/mouse0)
[  1257.849] (II) No input driver specified, ignoring this device.
[  1257.849] (II) This device may have been added with another device file.
[  1257.850] (II) config/udev: Adding input device AT Translated Set 2 keyboard (/dev/input/event1)
[  1257.850] (**) AT Translated Set 2 keyboard: Applying InputClass "libinput keyboard catchall"
[  1257.850] (II) Using input driver 'libinput' for 'AT Translated Set 2 keyboard'
[  1257.853] (II) systemd-logind: got fd for /dev/input/event1 13:65 fd 23 paused 0
[  1257.853] (**) AT Translated Set 2 keyboard: always reports core events
[  1257.853] (**) Option "Device" "/dev/input/event1"
[  1257.853] (**) Option "_source" "server/udev"
[  1257.856] (II) event1  - AT Translated Set 2 keyboard: is tagged by udev as: Keyboard
[  1257.856] (II) event1  - AT Translated Set 2 keyboard: device is a keyboard
[  1257.857] (II) event1  - AT Translated Set 2 keyboard: device removed
[  1257.857] (**) Option "config_info" "udev:/sys/devices/platform/i8042/serio0/input/input1/event1"
[  1257.857] (II) XINPUT: Adding extended input device "AT Translated Set 2 keyboard" (type: KEYBOARD, id 8)
[  1257.859] (II) event1  - AT Translated Set 2 keyboard: is tagged by udev as: Keyboard
[  1257.859] (II) event1  - AT Translated Set 2 keyboard: device is a keyboard
[  1257.862] (II) config/udev: Adding input device VirtualPS/2 VMware VMMouse (/dev/input/event4)
[  1257.862] (**) VirtualPS/2 VMware VMMouse: Applying InputClass "libinput pointer catchall"
[  1257.862] (II) Using input driver 'libinput' for 'VirtualPS/2 VMware VMMouse'
[  1257.864] (II) systemd-logind: got fd for /dev/input/event4 13:68 fd 24 paused 0
[  1257.864] (**) VirtualPS/2 VMware VMMouse: always reports core events
[  1257.864] (**) Option "Device" "/dev/input/event4"
[  1257.864] (**) Option "_source" "server/udev"
[  1257.866] (II) event4  - VirtualPS/2 VMware VMMouse: is tagged by udev as: Mouse
[  1257.867] (II) event4  - VirtualPS/2 VMware VMMouse: device is a pointer
[  1257.867] (II) event4  - VirtualPS/2 VMware VMMouse: device removed
[  1257.867] (**) Option "config_info" "udev:/sys/devices/platform/i8042/serio1/input/input4/event4"
[  1257.867] (II) XINPUT: Adding extended input device "VirtualPS/2 VMware VMMouse" (type: MOUSE, id 9)
[  1257.868] (**) Option "AccelerationScheme" "none"
[  1257.868] (**) VirtualPS/2 VMware VMMouse: (accel) selected scheme none/0
[  1257.868] (**) VirtualPS/2 VMware VMMouse: (accel) acceleration factor: 2.000
[  1257.868] (**) VirtualPS/2 VMware VMMouse: (accel) acceleration threshold: 4
[  1257.870] (II) event4  - VirtualPS/2 VMware VMMouse: is tagged by udev as: Mouse
[  1257.870] (II) event4  - VirtualPS/2 VMware VMMouse: device is a pointer
[  1257.872] (II) config/udev: Adding input device VirtualPS/2 VMware VMMouse (/dev/input/mouse2)
[  1257.872] (II) No input driver specified, ignoring this device.
[  1257.872] (II) This device may have been added with another device file.
[  1257.873] (II) config/udev: Adding input device VirtualPS/2 VMware VMMouse (/dev/input/event3)
[  1257.873] (**) VirtualPS/2 VMware VMMouse: Applying InputClass "libinput pointer catchall"
[  1257.873] (II) Using input driver 'libinput' for 'VirtualPS/2 VMware VMMouse'
[  1257.875] (II) systemd-logind: got fd for /dev/input/event3 13:67 fd 25 paused 0
[  1257.876] (**) VirtualPS/2 VMware VMMouse: always reports core events
[  1257.876] (**) Option "Device" "/dev/input/event3"
[  1257.876] (**) Option "_source" "server/udev"
[  1257.878] (II) event3  - VirtualPS/2 VMware VMMouse: is tagged by udev as: Mouse
[  1257.879] (II) event3  - VirtualPS/2 VMware VMMouse: device is a pointer
[  1257.879] (II) event3  - VirtualPS/2 VMware VMMouse: device removed
[  1257.879] (**) Option "config_info" "udev:/sys/devices/platform/i8042/serio1/input/input5/event3"
[  1257.879] (II) XINPUT: Adding extended input device "VirtualPS/2 VMware VMMouse" (type: MOUSE, id 10)
[  1257.879] (**) Option "AccelerationScheme" "none"
[  1257.879] (**) VirtualPS/2 VMware VMMouse: (accel) selected scheme none/0
[  1257.879] (**) VirtualPS/2 VMware VMMouse: (accel) acceleration factor: 2.000
[  1257.879] (**) VirtualPS/2 VMware VMMouse: (accel) acceleration threshold: 4
[  1257.881] (II) event3  - VirtualPS/2 VMware VMMouse: is tagged by udev as: Mouse
[  1257.882] (II) event3  - VirtualPS/2 VMware VMMouse: device is a pointer
[  1257.884] (II) config/udev: Adding input device VirtualPS/2 VMware VMMouse (/dev/input/mouse1)
[  1257.884] (II) No input driver specified, ignoring this device.
[  1257.884] (II) This device may have been added with another device file.
[  1257.885] (II) config/udev: Adding input device PC Speaker (/dev/input/event5)
[  1257.885] (II) No input driver specified, ignoring this device.
[  1257.885] (II) This device may have been added with another device file.
[  1257.904] (**) Option "fd" "19"
[  1257.904] (II) event0  - Power Button: device removed
[  1257.904] (**) Option "fd" "22"
[  1257.904] (II) event2  - QEMU QEMU USB Tablet: device removed
[  1257.904] (**) Option "fd" "23"
[  1257.904] (II) event1  - AT Translated Set 2 keyboard: device removed
[  1257.904] (**) Option "fd" "24"
[  1257.904] (II) event4  - VirtualPS/2 VMware VMMouse: device removed
[  1257.904] (**) Option "fd" "25"
[  1257.904] (II) event3  - VirtualPS/2 VMware VMMouse: device removed
[  1257.905] (II) UnloadModule: "libinput"
[  1257.905] (II) systemd-logind: releasing fd for 13:67
[  1257.960] (II) UnloadModule: "libinput"
[  1257.960] (II) systemd-logind: releasing fd for 13:68
[  1258.013] (II) UnloadModule: "libinput"
[  1258.013] (II) systemd-logind: releasing fd for 13:65
[  1258.040] (II) UnloadModule: "libinput"
[  1258.040] (II) systemd-logind: releasing fd for 13:66
[  1258.094] (II) UnloadModule: "libinput"
[  1258.094] (II) systemd-logind: releasing fd for 13:64
[  1258.137] (II) Server terminated successfully (0). Closing log file.
